Build started 1/5/2017 10:00:48 PM.
     1>Project "D:\baitapLACT\GameRAN\GameRAN\GameRAN.vcxproj" on node 2 (build target(s)).
     1>InitializeBuildStatus:
         Creating "Debug\GameRAN.unsuccessfulbuild" because "AlwaysCreate" was specified.
       ClCompile:
         C:\Program Files (x86)\Microsoft Visual Studio 10.0\VC\bin\CL.exe /c /ZI /nologo /W3 /WX- /Od /Oy- /D _MBCS /Gm /EHsc /RTC1 /MDd /GS /fp:precise /Zc:wchar_t /Zc:forScope /Fo"Debug\\" /Fd"Debug\vc100.pdb" /Gd /TP /analyze- /errorReport:prompt GAMErAN.cpp
         GAMErAN.cpp
     1>d:\baitaplact\gameran\gameran\gameran.cpp(222): warning C4244: 'argument' : conversion from 'time_t' to 'unsigned int', possible loss of data
     1>d:\baitaplact\gameran\gameran\gameran.cpp(219): warning C4715: 'XuLy' : not all control paths return a value
       Link:
         C:\Program Files (x86)\Microsoft Visual Studio 10.0\VC\bin\link.exe /ERRORREPORT:PROMPT /OUT:"D:\baitapLACT\GameRAN\Debug\GameRAN.exe" /NOLOGO kernel32.lib user32.lib gdi32.lib winspool.lib comdlg32.lib advapi32.lib shell32.lib ole32.lib oleaut32.lib uuid.lib odbc32.lib odbccp32.lib /MANIFEST /ManifestFile:"Debug\GameRAN.exe.intermediate.manifest" /MANIFESTUAC:"level='asInvoker' uiAccess='false'" /DEBUG /PDB:"D:\baitapLACT\GameRAN\Debug\GameRAN.pdb" /TLBID:1 /DYNAMICBASE /NXCOMPAT /IMPLIB:"D:\baitapLACT\GameRAN\Debug\GameRAN.lib" /MACHINE:X86 Debug\console.obj
         Debug\GAMErAN.obj
         LINK : D:\baitapLACT\GameRAN\Debug\GameRAN.exe not found or not built by the last incremental link; performing full link
         GameRAN.vcxproj -> D:\baitapLACT\GameRAN\Debug\GameRAN.exe
       Manifest:
         C:\Program Files (x86)\Microsoft SDKs\Windows\v7.0A\bin\mt.exe /nologo /verbose /outputresource:"D:\baitapLACT\GameRAN\Debug\GameRAN.exe;#1" /manifest Debug\GameRAN.exe.intermediate.manifest
       FinalizeBuildStatus:
         Deleting file "Debug\GameRAN.unsuccessfulbuild".
         Touching "Debug\GameRAN.lastbuildstate".
     1>Done Building Project "D:\baitapLACT\GameRAN\GameRAN\GameRAN.vcxproj" (build target(s)).

Build succeeded.

Time Elapsed 00:00:02.29
